<?xml version="1.0" encoding="UTF-8"?>
<testsuite xmlns:xsi="http://www.w3.org/2001/XMLSchema-instance" xsi:schemaLocation="https://maven.apache.org/surefire/maven-surefire-plugin/xsd/surefire-test-report.xsd" name="RunTest" time="50.809" tests="20" errors="2" skipped="2" failures="0">
  <properties>
[...]
</properties>
  <testcase name="Given user login to url, with &quot;sergeishatilov&quot;, and &quot;epamsystems&quot;" classname="| sergeishatilov | epamsystems |" time="0.071"/>
  <testcase name="Given user login to url, with &quot;sergeishatilov&quot;, and &quot;epamsystems&quot;" classname="| sergeishatilov | epamsystems |" time="0.001"/>
  <testcase name="When user move first sent letter to Trash" classname="| sergeishatilov | epamsystems |" time="0.001"/>
  <testcase name="Then user open Trash Page and check letter have been moved" classname="| sergeishatilov | epamsystems |" time="0.001"/>
  <testcase name="And user logout" classname="| sergeishatilov | epamsystems |" time="0"/>
  <testcase name="And user logout" classname="| sergeishatilov | epamsystems |" time="0"/>
  <testcase name="| sergeishatilov | epamsystems |" classname="| sergeishatilov | epamsystems |" time="0.002"/>
  <testcase name="| sergeishatilov | epamsystems |" classname="| sergeishatilov | epamsystems |" time="0.001"/>
  <testcase name="Given user login to url, with &quot;sergei.shatilov&quot;, and &quot;epamsystems&quot;" classname="| sergei.shatilov | epamsystems |" time="0.001"/>
  <testcase name="Given user login to url, with &quot;sergei.shatilov&quot;, and &quot;epamsystems&quot;" classname="| sergei.shatilov | epamsystems |" time="0.001"/>
  <testcase name="When user move first sent letter to Trash" classname="| sergei.shatilov | epamsystems |" time="0.017">
    <error message="Unable to locate element: {&quot;method&quot;:&quot;xpath&quot;,&quot;selector&quot;:&quot;//a[contains(@href, &apos;#/folder/SentBox/&apos;)]&quot;}&#10;Command duration or timeout: 10 milliseconds&#10;For documentation on this error, please visit: http://seleniumhq.org/exceptions/no_such_element.html&#10;Build info: version: &apos;2.48.2&apos;, revision: &apos;41bccdd10cf2c0560f637404c2d96164b67d9d67&apos;, time: &apos;2015-10-09 13:08:06&apos;&#10;System info: host: &apos;EPRUPETW0992&apos;, ip: &apos;10.16.11.89&apos;, os.name: &apos;Windows 8.1&apos;, os.arch: &apos;amd64&apos;, os.version: &apos;6.3&apos;, java.version: &apos;1.8.0_65&apos;&#10;Driver info: org.openqa.selenium.firefox.FirefoxDriver&#10;Capabilities [{applicationCacheEnabled=true, rotatable=false, handlesAlerts=true, databaseEnabled=true, version=43.0.3, platform=WINDOWS, nativeEvents=false, acceptSslCerts=true, webStorageEnabled=true, locationContextEnabled=true, browserName=firefox, takesScreenshot=true, javascriptEnabled=true, cssSelectorsEnabled=true}]&#10;Session ID: 57d645df-0bd4-42fa-ae59-ba45ec32b031&#10;*** Element info: {Using=xpath, value=//a[contains(@href, &apos;#/folder/SentBox/&apos;)]}" type="org.openqa.selenium.NoSuchElementException">org.openqa.selenium.NoSuchElementException: 
Unable to locate element: {"method":"xpath","selector":"//a[contains(@href, '#/folder/SentBox/')]"}
Command duration or timeout: 10 milliseconds
For documentation on this error, please visit: http://seleniumhq.org/exceptions/no_such_element.html
Build info: version: '2.48.2', revision: '41bccdd10cf2c0560f637404c2d96164b67d9d67', time: '2015-10-09 13:08:06'
System info: host: 'EPRUPETW0992', ip: '10.16.11.89', os.name: 'Windows 8.1', os.arch: 'amd64', os.version: '6.3', java.version: '1.8.0_65'
Driver info: org.openqa.selenium.firefox.FirefoxDriver
Capabilities [{applicationCacheEnabled=true, rotatable=false, handlesAlerts=true, databaseEnabled=true, version=43.0.3, platform=WINDOWS, nativeEvents=false, acceptSslCerts=true, webStorageEnabled=true, locationContextEnabled=true, browserName=firefox, takesScreenshot=true, javascriptEnabled=true, cssSelectorsEnabled=true}]
Session ID: 57d645df-0bd4-42fa-ae59-ba45ec32b031
*** Element info: {Using=xpath, value=//a[contains(@href, '#/folder/SentBox/')]}
Caused by: org.openqa.selenium.NoSuchElementException: 
Unable to locate element: {"method":"xpath","selector":"//a[contains(@href, '#/folder/SentBox/')]"}
For documentation on this error, please visit: http://seleniumhq.org/exceptions/no_such_element.html
Build info: version: '2.48.2', revision: '41bccdd10cf2c0560f637404c2d96164b67d9d67', time: '2015-10-09 13:08:06'
System info: host: 'EPRUPETW0992', ip: '10.16.11.89', os.name: 'Windows 8.1', os.arch: 'amd64', os.version: '6.3', java.version: '1.8.0_65'
Driver info: driver.version: unknown
</error>
  </testcase>
  <testcase name="| sergei.shatilov | epamsystems |" classname="| sergei.shatilov | epamsystems |" time="0.022">
    <error message="Unable to locate element: {&quot;method&quot;:&quot;xpath&quot;,&quot;selector&quot;:&quot;//a[contains(@href, &apos;#/folder/SentBox/&apos;)]&quot;}&#10;Command duration or timeout: 10 milliseconds&#10;For documentation on this error, please visit: http://seleniumhq.org/exceptions/no_such_element.html&#10;Build info: version: &apos;2.48.2&apos;, revision: &apos;41bccdd10cf2c0560f637404c2d96164b67d9d67&apos;, time: &apos;2015-10-09 13:08:06&apos;&#10;System info: host: &apos;EPRUPETW0992&apos;, ip: &apos;10.16.11.89&apos;, os.name: &apos;Windows 8.1&apos;, os.arch: &apos;amd64&apos;, os.version: &apos;6.3&apos;, java.version: &apos;1.8.0_65&apos;&#10;Driver info: org.openqa.selenium.firefox.FirefoxDriver&#10;Capabilities [{applicationCacheEnabled=true, rotatable=false, handlesAlerts=true, databaseEnabled=true, version=43.0.3, platform=WINDOWS, nativeEvents=false, acceptSslCerts=true, webStorageEnabled=true, locationContextEnabled=true, browserName=firefox, takesScreenshot=true, javascriptEnabled=true, cssSelectorsEnabled=true}]&#10;Session ID: 57d645df-0bd4-42fa-ae59-ba45ec32b031&#10;*** Element info: {Using=xpath, value=//a[contains(@href, &apos;#/folder/SentBox/&apos;)]}" type="org.openqa.selenium.NoSuchElementException">org.openqa.selenium.NoSuchElementException: 
Unable to locate element: {"method":"xpath","selector":"//a[contains(@href, '#/folder/SentBox/')]"}
Command duration or timeout: 10 milliseconds
For documentation on this error, please visit: http://seleniumhq.org/exceptions/no_such_element.html
Build info: version: '2.48.2', revision: '41bccdd10cf2c0560f637404c2d96164b67d9d67', time: '2015-10-09 13:08:06'
System info: host: 'EPRUPETW0992', ip: '10.16.11.89', os.name: 'Windows 8.1', os.arch: 'amd64', os.version: '6.3', java.version: '1.8.0_65'
Driver info: org.openqa.selenium.firefox.FirefoxDriver
Capabilities [{applicationCacheEnabled=true, rotatable=false, handlesAlerts=true, databaseEnabled=true, version=43.0.3, platform=WINDOWS, nativeEvents=false, acceptSslCerts=true, webStorageEnabled=true, locationContextEnabled=true, browserName=firefox, takesScreenshot=true, javascriptEnabled=true, cssSelectorsEnabled=true}]
Session ID: 57d645df-0bd4-42fa-ae59-ba45ec32b031
*** Element info: {Using=xpath, value=//a[contains(@href, '#/folder/SentBox/')]}
Caused by: org.openqa.selenium.NoSuchElementException: 
Unable to locate element: {"method":"xpath","selector":"//a[contains(@href, '#/folder/SentBox/')]"}
For documentation on this error, please visit: http://seleniumhq.org/exceptions/no_such_element.html
Build info: version: '2.48.2', revision: '41bccdd10cf2c0560f637404c2d96164b67d9d67', time: '2015-10-09 13:08:06'
System info: host: 'EPRUPETW0992', ip: '10.16.11.89', os.name: 'Windows 8.1', os.arch: 'amd64', os.version: '6.3', java.version: '1.8.0_65'
Driver info: driver.version: unknown
</error>
  </testcase>
  <testcase name="| sergei.shatilov | epamsystems |" classname="| sergei.shatilov | epamsystems |" time="0.001"/>
  <testcase name="Then user open Trash Page and check letter have been moved" classname="| sergei.shatilov | epamsystems |" time="0">
    <skipped/>
  </testcase>
  <testcase name="And user logout" classname="| sergei.shatilov | epamsystems |" time="0">
    <skipped/>
  </testcase>
  <testcase name="And user logout" classname="| sergei.shatilov | epamsystems |" time="0.001"/>
  <testcase name="When user send letter to &quot;sergeishatilov@rambler.ru&quot;" classname="| sergeishatilov | epamsystems |" time="0.001"/>
  <testcase name="Then letter should have been sent" classname="| sergeishatilov | epamsystems |" time="0"/>
  <testcase name="When user send letter to &quot;sergeishatilov@rambler.ru&quot;" classname="| sergei.shatilov | epamsystems |" time="0"/>
  <testcase name="Then letter should have been sent" classname="| sergei.shatilov | epamsystems |" time="0.001"/>
</testsuite>